#
# There is insufficient memory for the Java Runtime Environment to continue.
# Native memory allocation (malloc) failed to allocate 1048576 bytes for AllocateHeap
# Possible reasons:
#   The system is out of physical RAM or swap space
#   The process is running with CompressedOops enabled, and the Java Heap may be blocking the growth of the native heap
# Possible solutions:
#   Reduce memory load on the system
#   Increase physical memory or swap space
#   Check if swap backing store is full
#   Decrease Java heap size (-Xmx/-Xms)
#   Decrease number of Java threads
#   Decrease Java thread stack sizes (-Xss)
#   Set larger code cache with -XX:ReservedCodeCacheSize=
#   JVM is running with Unscaled Compressed Oops mode in which the Java heap is
#     placed in the first 4GB address space. The Java Heap base address is the
#     maximum limit for the native heap growth. Please use -XX:HeapBaseMinAddress
#     to set the Java Heap base and to place the Java Heap above 4GB virtual address.
# This output file may be truncated or incomplete.
#
#  Out of Memory Error (memory/allocation.inline.hpp:61), pid=16656, tid=0x00000000000015fc
#
# JRE version:  (8.0_231-b11) (build )
# Java VM: Java HotSpot(TM) 64-Bit Server VM (25.231-b11 mixed mode windows-amd64 compressed oops)
# Failed to write core dump. Minidumps are not enabled by default on client versions of Windows
#

---------------  T H R E A D  ---------------

Current thread (0x0000000002c5d800):  JavaThread "Unknown thread" [_thread_in_vm, id=5628, stack(0x0000000002a90000,0x0000000002b90000)]

Stack: [0x0000000002a90000,0x0000000002b90000]
[error occurred during error reporting (printing stack bounds), id 0xc0000005]

Native frames: (J=compiled Java code, j=interpreted, Vv=VM code, C=native code)


---------------  P R O C E S S  ---------------

Java Threads: ( => current thread )

Other Threads:

=>0x0000000002c5d800 (exited) JavaThread "Unknown thread" [_thread_in_vm, id=5628, stack(0x0000000002a90000,0x0000000002b90000)]

VM state:not at safepoint (normal execution)

VM Mutex/Monitor currently owned by a thread: None

heap address: 0x0000000080a00000, size: 2038 MB, Compressed Oops mode: 32-bit
Narrow klass base: 0x0000000000000000, Narrow klass shift: 3
Compressed class space size: 1073741824 Address: 0x0000000100000000

Heap:
 PSYoungGen      total 38400K, used 665K [0x00000000d5900000, 0x00000000d8380000, 0x0000000100000000)
  eden space 33280K, 2% used [0x00000000d5900000,0x00000000d59a6670,0x00000000d7980000)
  from space 5120K, 0% used [0x00000000d7e80000,0x00000000d7e80000,0x00000000d8380000)
  to   space 5120K, 0% used [0x00000000d7980000,0x00000000d7980000,0x00000000d7e80000)
 ParOldGen       total 87552K, used 0K [0x0000000080a00000, 0x0000000085f80000, 0x00000000d5900000)
  object space 87552K, 0% used [0x0000000080a00000,0x0000000080a00000,0x0000000085f80000)
 Metaspace       used 752K, capacity 4480K, committed 4480K, reserved 1056768K
  class space    used 76K, capacity 384K, committed 384K, reserved 1048576K

Card table byte_map: [0x0000000012120000,0x0000000012520000] byte_map_base: 0x0000000011d1b000

Marking Bits: (ParMarkBitMap*) 0x0000000066c96d90
 Begin Bits: [0x0000000012fd0000, 0x0000000014fa8000)
 End Bits:   [0x0000000014fa8000, 0x0000000016f80000)

Polling page: 0x0000000000d50000

CodeCache: size=245760Kb used=328Kb max_used=328Kb free=245431Kb
 bounds [0x0000000002d60000, 0x0000000002fd0000, 0x0000000011d60000]
 total_blobs=58 nmethods=0 adapters=38
 compilation: enabled

Compilation events (0 events):
No events

GC Heap History (0 events):
No events

Deoptimization events (0 events):
No events

Classes redefined (0 events):
No events

Internal exceptions (0 events):
No events

Events (10 events):
Event: 0.024 loading class java/lang/Short
Event: 0.024 loading class java/lang/Short done
Event: 0.024 loading class java/lang/Integer
Event: 0.024 loading class java/lang/Integer done
Event: 0.024 loading class java/lang/Long
Event: 0.024 loading class java/lang/Long done
Event: 0.025 loading class java/lang/NullPointerException
Event: 0.025 loading class java/lang/NullPointerException done
Event: 0.025 loading class java/lang/ArithmeticException
Event: 0.025 loading class java/lang/ArithmeticException done


Dynamic libraries:
0x00007ff657980000 - 0x00007ff6579b7000 	C:\Program Files\Java\jre1.8.0_231\bin\javaw.exe
0x00007ffbf3d20000 - 0x00007ffbf3f10000 	C:\WINDOWS\SYSTEM32\ntdll.dll
0x00007ffbf22e0000 - 0x00007ffbf2392000 	C:\WINDOWS\System32\KERNEL32.DLL
0x00007ffbf12a0000 - 0x00007ffbf1543000 	C:\WINDOWS\System32\KERNELBASE.dll
0x00007ffbf2430000 - 0x00007ffbf24d3000 	C:\WINDOWS\System32\ADVAPI32.dll
0x00007ffbf33c0000 - 0x00007ffbf345e000 	C:\WINDOWS\System32\msvcrt.dll
0x00007ffbf3580000 - 0x00007ffbf3617000 	C:\WINDOWS\System32\sechost.dll
0x00007ffbf2ba0000 - 0x00007ffbf2cc0000 	C:\WINDOWS\System32\RPCRT4.dll
0x00007ffbf3620000 - 0x00007ffbf37b4000 	C:\WINDOWS\System32\USER32.dll
0x00007ffbf1550000 - 0x00007ffbf1571000 	C:\WINDOWS\System32\win32u.dll
0x00007ffbf2a30000 - 0x00007ffbf2a56000 	C:\WINDOWS\System32\GDI32.dll
0x00007ffbf0cb0000 - 0x00007ffbf0e44000 	C:\WINDOWS\System32\gdi32full.dll
0x00007ffbf1200000 - 0x00007ffbf129e000 	C:\WINDOWS\System32\msvcp_win.dll
0x00007ffbf10d0000 - 0x00007ffbf11ca000 	C:\WINDOWS\System32\ucrtbase.dll
0x00007ffbe3790000 - 0x00007ffbe3a15000 	C:\WINDOWS\WinSxS\amd64_microsoft.windows.common-controls_6595b64144ccf1df_6.0.18362.657_none_e6c5b579130e3898\COMCTL32.dll
0x00007ffbf24e0000 - 0x00007ffbf2816000 	C:\WINDOWS\System32\combase.dll
0x00007ffbf1580000 - 0x00007ffbf1600000 	C:\WINDOWS\System32\bcryptPrimitives.dll
0x00007ffbf2400000 - 0x00007ffbf242e000 	C:\WINDOWS\System32\IMM32.DLL
0x00000000662b0000 - 0x0000000066382000 	C:\Program Files\Java\jre1.8.0_231\bin\msvcr100.dll
0x0000000066470000 - 0x0000000066d16000 	C:\Program Files\Java\jre1.8.0_231\bin\server\jvm.dll
0x00007ffbf2cc0000 - 0x00007ffbf2cc8000 	C:\WINDOWS\System32\PSAPI.DLL
0x00007ffbeed30000 - 0x00007ffbeed39000 	C:\WINDOWS\SYSTEM32\WSOCK32.dll
0x00007ffbed4b0000 - 0x00007ffbed4ba000 	C:\WINDOWS\SYSTEM32\VERSION.dll
0x00007ffbeeb70000 - 0x00007ffbeeb94000 	C:\WINDOWS\SYSTEM32\WINMM.dll
0x00007ffbf3510000 - 0x00007ffbf357f000 	C:\WINDOWS\System32\WS2_32.dll
0x00007ffbeeb40000 - 0x00007ffbeeb6d000 	C:\WINDOWS\SYSTEM32\winmmbase.dll
0x00007ffbf1600000 - 0x00007ffbf164a000 	C:\WINDOWS\System32\cfgmgr32.dll
0x00007ffbed530000 - 0x00007ffbed53f000 	C:\Program Files\Java\jre1.8.0_231\bin\verify.dll
0x00007ffbe4c30000 - 0x00007ffbe4c59000 	C:\Program Files\Java\jre1.8.0_231\bin\java.dll
0x00007ffbe9780000 - 0x00007ffbe9796000 	C:\Program Files\Java\jre1.8.0_231\bin\zip.dll

VM Arguments:
jvm_args: -Dfile.encoding=Cp1252 
java_command: Lab4.FoxesAndRabbits2.StartFoxesAndRabbits
java_class_path (initial): C:\Users\Subhan\git\f27sb_2020_cw4\bin
Launcher Type: SUN_STANDARD

Environment Variables:
PATH=C:/Program Files/Java/jre1.8.0_231/bin/server;C:/Program Files/Java/jre1.8.0_231/bin;C:/Program Files/Java/jre1.8.0_231/lib/amd64;C:\Program Files (x86)\Common Files\Oracle\Java\javapath;C:\WINDOWS\system32;C:\WINDOWS;C:\WINDOWS\System32\Wbem;C:\WINDOWS\System32\WindowsPowerShell\v1.0\;C:\WINDOWS\System32\OpenSSH\;C:\Program Files (x86)\NVIDIA Corporation\PhysX\Common;C:\Program Files\NVIDIA Corporation\NVIDIA NvDLISR;C:\Users\Subhan\AppData\Local\Microsoft\WindowsApps;C:\Users\Subhan\AppData\Local\atom\bin;C:\WINDOWS\System32;
USERNAME=Subhan
OS=Windows_NT
PROCESSOR_IDENTIFIER=Intel64 Family 6 Model 94 Stepping 3, GenuineIntel



---------------  S Y S T E M  ---------------

OS: Windows 10.0 , 64 bit Build 18362 (10.0.18362.329)

CPU:total 8 (initial active 8) (4 cores per cpu, 2 threads per core) family 6 model 94 stepping 3, cmov, cx8, fxsr, mmx, sse, sse2, sse3, ssse3, sse4.1, sse4.2, popcnt, avx, avx2, aes, clmul, erms, rtm, 3dnowpref, lzcnt, ht, tsc, tscinvbit, bmi1, bmi2, adx

Memory: 4k page, physical 8344500k(1081696k free), swap 33510324k(5692k free)

vm_info: Java HotSpot(TM) 64-Bit Server VM (25.231-b11) for windows-amd64 JRE (1.8.0_231-b11), built on Oct  5 2019 03:11:30 by "java_re" with MS VC++ 10.0 (VS2010)

time: Tue Feb 25 01:04:22 2020
timezone: GMT Standard Time
elapsed time: 0 seconds (0d 0h 0m 0s)

